{"/Users/alex/Documents/projects/unexpected-mxhr/lib/unexpectedMxhr.js":{"b":{"1":[4,8],"2":[12,12,6],"3":[12,3],"4":[12,12],"5":[12,12],"6":[12,12],"7":[4,8],"8":[7,1],"9":[8,7],"10":[11,1],"11":[6,5],"12":[5,1],"13":[5,5],"14":[1,11],"15":[1,1],"16":[1,0],"17":[1,1],"18":[0,1],"19":[1,0],"20":[1,0],"21":[1,1],"22":[2,10],"23":[12,12,2],"24":[2,1],"25":[1,1],"26":[3,9],"27":[12,6],"28":[3,0],"29":[1,11],"30":[2,10],"31":[2,0],"32":[2,0],"33":[12,12],"34":[12,12]},"branchMap":{"1":{"line":8,"locations":[{"end":{"column":4,"line":8},"start":{"column":4,"line":8}},{"end":{"column":4,"line":8},"start":{"column":4,"line":8}}],"type":"if"},"2":{"line":8,"locations":[{"end":{"column":46,"line":8},"start":{"column":8,"line":8}},{"end":{"column":73,"line":8},"start":{"column":50,"line":8}},{"end":{"column":120,"line":8},"start":{"column":77,"line":8}}],"type":"binary-expr"},"3":{"line":14,"locations":[{"end":{"column":53,"line":14},"start":{"column":30,"line":14}},{"end":{"column":60,"line":14},"start":{"column":57,"line":14}}],"type":"binary-expr"},"4":{"line":15,"locations":[{"end":{"column":57,"line":15},"start":{"column":32,"line":15}},{"end":{"column":67,"line":15},"start":{"column":61,"line":15}}],"type":"binary-expr"},"5":{"line":16,"locations":[{"end":{"column":63,"line":16},"start":{"column":35,"line":16}},{"end":{"column":72,"line":16},"start":{"column":67,"line":16}}],"type":"binary-expr"},"6":{"line":17,"locations":[{"end":{"column":59,"line":17},"start":{"column":33,"line":17}},{"end":{"column":105,"line":17},"start":{"column":63,"line":17}}],"type":"binary-expr"},"7":{"line":36,"locations":[{"end":{"column":4,"line":36},"start":{"column":4,"line":36}},{"end":{"column":4,"line":36},"start":{"column":4,"line":36}}],"type":"if"},"8":{"line":38,"locations":[{"end":{"column":11,"line":38},"start":{"column":11,"line":38}},{"end":{"column":11,"line":38},"start":{"column":11,"line":38}}],"type":"if"},"9":{"line":38,"locations":[{"end":{"column":40,"line":38},"start":{"column":15,"line":38}},{"end":{"column":89,"line":38},"start":{"column":44,"line":38}}],"type":"binary-expr"},"10":{"line":41,"locations":[{"end":{"column":4,"line":41},"start":{"column":4,"line":41}},{"end":{"column":4,"line":41},"start":{"column":4,"line":41}}],"type":"if"},"11":{"line":42,"locations":[{"end":{"column":8,"line":42},"start":{"column":8,"line":42}},{"end":{"column":8,"line":42},"start":{"column":8,"line":42}}],"type":"if"},"12":{"line":44,"locations":[{"end":{"column":12,"line":44},"start":{"column":12,"line":44}},{"end":{"column":12,"line":44},"start":{"column":12,"line":44}}],"type":"if"},"13":{"line":45,"locations":[{"end":{"column":83,"line":45},"start":{"column":51,"line":45}},{"end":{"column":101,"line":45},"start":{"column":87,"line":45}}],"type":"binary-expr"},"14":{"line":52,"locations":[{"end":{"column":4,"line":52},"start":{"column":4,"line":52}},{"end":{"column":4,"line":52},"start":{"column":4,"line":52}}],"type":"if"},"15":{"line":54,"locations":[{"end":{"column":77,"line":54},"start":{"column":44,"line":54}},{"end":{"column":83,"line":54},"start":{"column":81,"line":54}}],"type":"binary-expr"},"16":{"line":55,"locations":[{"end":{"column":8,"line":55},"start":{"column":8,"line":55}},{"end":{"column":8,"line":55},"start":{"column":8,"line":55}}],"type":"if"},"17":{"line":60,"locations":[{"end":{"column":71,"line":60},"start":{"column":41,"line":60}},{"end":{"column":90,"line":60},"start":{"column":75,"line":60}}],"type":"binary-expr"},"18":{"line":61,"locations":[{"end":{"column":8,"line":61},"start":{"column":8,"line":61}},{"end":{"column":8,"line":61},"start":{"column":8,"line":61}}],"type":"if"},"19":{"line":61,"locations":[{"end":{"column":23,"line":61},"start":{"column":12,"line":61}},{"end":{"column":80,"line":61},"start":{"column":27,"line":61}}],"type":"binary-expr"},"20":{"line":65,"locations":[{"end":{"column":8,"line":65},"start":{"column":8,"line":65}},{"end":{"column":8,"line":65},"start":{"column":8,"line":65}}],"type":"if"},"21":{"line":65,"locations":[{"end":{"column":40,"line":65},"start":{"column":12,"line":65}},{"end":{"column":102,"line":65},"start":{"column":44,"line":65}}],"type":"binary-expr"},"22":{"line":72,"locations":[{"end":{"column":4,"line":72},"start":{"column":4,"line":72}},{"end":{"column":4,"line":72},"start":{"column":4,"line":72}}],"type":"if"},"23":{"line":72,"locations":[{"end":{"column":42,"line":72},"start":{"column":8,"line":72}},{"end":{"column":66,"line":72},"start":{"column":47,"line":72}},{"end":{"column":109,"line":72},"start":{"column":70,"line":72}}],"type":"binary-expr"},"24":{"line":73,"locations":[{"end":{"column":77,"line":73},"start":{"column":44,"line":73}},{"end":{"column":83,"line":73},"start":{"column":81,"line":73}}],"type":"binary-expr"},"25":{"line":74,"locations":[{"end":{"column":8,"line":74},"start":{"column":8,"line":74}},{"end":{"column":8,"line":74},"start":{"column":8,"line":74}}],"type":"if"},"26":{"line":87,"locations":[{"end":{"column":4,"line":87},"start":{"column":4,"line":87}},{"end":{"column":4,"line":87},"start":{"column":4,"line":87}}],"type":"if"},"27":{"line":87,"locations":[{"end":{"column":20,"line":87},"start":{"column":8,"line":87}},{"end":{"column":56,"line":87},"start":{"column":24,"line":87}}],"type":"binary-expr"},"28":{"line":90,"locations":[{"end":{"column":8,"line":90},"start":{"column":8,"line":90}},{"end":{"column":8,"line":90},"start":{"column":8,"line":90}}],"type":"if"},"29":{"line":108,"locations":[{"end":{"column":4,"line":108},"start":{"column":4,"line":108}},{"end":{"column":4,"line":108},"start":{"column":4,"line":108}}],"type":"if"},"30":{"line":125,"locations":[{"end":{"column":4,"line":125},"start":{"column":4,"line":125}},{"end":{"column":4,"line":125},"start":{"column":4,"line":125}}],"type":"if"},"31":{"line":127,"locations":[{"end":{"column":8,"line":127},"start":{"column":8,"line":127}},{"end":{"column":8,"line":127},"start":{"column":8,"line":127}}],"type":"if"},"32":{"line":131,"locations":[{"end":{"column":8,"line":131},"start":{"column":8,"line":131}},{"end":{"column":8,"line":131},"start":{"column":8,"line":131}}],"type":"if"},"33":{"line":151,"locations":[{"end":{"column":59,"line":151},"start":{"column":41,"line":151}},{"end":{"column":90,"line":151},"start":{"column":63,"line":151}}],"type":"binary-expr"},"34":{"line":176,"locations":[{"end":{"column":99,"line":176},"start":{"column":81,"line":176}},{"end":{"column":129,"line":176},"start":{"column":103,"line":176}}],"type":"binary-expr"}},"f":{"1":12,"2":24,"3":8,"4":12,"5":12,"6":0,"7":1,"8":12,"9":1,"10":12,"11":1,"12":12,"13":12,"14":12,"15":12,"16":12,"17":12,"18":12,"19":12,"20":11,"21":12},"fnMap":{"1":{"line":7,"loc":{"end":{"column":48,"line":7},"start":{"column":0,"line":7}},"name":"createMockResponse"},"2":{"line":21,"loc":{"end":{"column":36,"line":21},"start":{"column":0,"line":21}},"name":"formatHeaderObj"},"3":{"line":23,"loc":{"end":{"column":57,"line":23},"start":{"column":35,"line":23}},"name":"(anonymous_3)"},"4":{"line":29,"loc":{"end":{"column":35,"line":29},"start":{"column":0,"line":29}},"name":"isTextualHeaders"},"5":{"line":35,"loc":{"end":{"column":69,"line":35},"start":{"column":0,"line":35}},"name":"resolveExpectedRequestProperties"},"6":{"line":55,"loc":{"end":{"column":80,"line":55},"start":{"column":65,"line":55}},"name":"(anonymous_6)"},"7":{"line":74,"loc":{"end":{"column":80,"line":74},"start":{"column":65,"line":74}},"name":"(anonymous_7)"},"8":{"line":83,"loc":{"end":{"column":44,"line":83},"start":{"column":0,"line":83}},"name":"sendXhrResponse"},"9":{"line":98,"loc":{"end":{"column":47,"line":98},"start":{"column":0,"line":98}},"name":"stripHeaderCharsetSuffix"},"10":{"line":102,"loc":{"end":{"column":31,"line":102},"start":{"column":0,"line":102}},"name":"xhrToMockRequest"},"11":{"line":143,"loc":{"end":{"column":35,"line":143},"start":{"column":17,"line":143}},"name":"(anonymous_11)"},"12":{"line":147,"loc":{"end":{"column":123,"line":147},"start":{"column":76,"line":147}},"name":"(anonymous_12)"},"13":{"line":153,"loc":{"end":{"column":79,"line":153},"start":{"column":52,"line":153}},"name":"(anonymous_13)"},"14":{"line":157,"loc":{"end":{"column":56,"line":157},"start":{"column":41,"line":157}},"name":"(anonymous_14)"},"15":{"line":158,"loc":{"end":{"column":47,"line":158},"start":{"column":35,"line":158}},"name":"(anonymous_15)"},"16":{"line":164,"loc":{"end":{"column":55,"line":164},"start":{"column":43,"line":164}},"name":"(anonymous_16)"},"17":{"line":167,"loc":{"end":{"column":63,"line":167},"start":{"column":51,"line":167}},"name":"(anonymous_17)"},"18":{"line":175,"loc":{"end":{"column":50,"line":175},"start":{"column":38,"line":175}},"name":"(anonymous_18)"},"19":{"line":177,"loc":{"end":{"column":36,"line":177},"start":{"column":24,"line":177}},"name":"(anonymous_19)"},"20":{"line":179,"loc":{"end":{"column":36,"line":179},"start":{"column":24,"line":179}},"name":"(anonymous_20)"},"21":{"line":181,"loc":{"end":{"column":39,"line":181},"start":{"column":27,"line":181}},"name":"(anonymous_21)"}},"path":"/Users/alex/Documents/projects/unexpected-mxhr/lib/unexpectedMxhr.js","s":{"1":1,"2":1,"3":1,"4":1,"5":1,"6":1,"7":12,"8":4,"9":4,"10":4,"11":12,"12":12,"13":12,"14":12,"15":12,"16":12,"17":1,"18":24,"19":24,"20":8,"21":24,"22":1,"23":12,"24":12,"25":1,"26":12,"27":4,"28":8,"29":7,"30":12,"31":11,"32":6,"33":6,"34":5,"35":5,"36":1,"37":12,"38":1,"39":1,"40":1,"41":0,"42":1,"43":1,"44":1,"45":0,"46":1,"47":1,"48":1,"49":12,"50":12,"51":2,"52":2,"53":1,"54":1,"55":12,"56":1,"57":12,"58":12,"59":12,"60":3,"61":3,"62":3,"63":12,"64":1,"65":1,"66":1,"67":12,"68":12,"69":12,"70":12,"71":12,"72":1,"73":1,"74":12,"75":12,"76":2,"77":2,"78":2,"79":2,"80":12,"81":1,"82":1,"83":1,"84":12,"85":12,"86":12,"87":12,"88":12,"89":12,"90":12,"91":12,"92":12,"93":12,"94":12,"95":12,"96":12,"97":12,"98":12,"99":12,"100":12,"101":12,"102":12,"103":12,"104":12,"105":11,"106":12},"statementMap":{"1":{"end":{"column":30,"line":1},"start":{"column":0,"line":1}},"2":{"end":{"column":27,"line":2},"start":{"column":0,"line":2}},"3":{"end":{"column":29,"line":3},"start":{"column":0,"line":3}},"4":{"end":{"column":29,"line":4},"start":{"column":0,"line":4}},"5":{"end":{"column":31,"line":5},"start":{"column":0,"line":5}},"6":{"end":{"column":1,"line":19},"start":{"column":0,"line":7}},"7":{"end":{"column":5,"line":12},"start":{"column":4,"line":8}},"8":{"end":{"column":62,"line":9},"start":{"column":8,"line":9}},"9":{"end":{"column":67,"line":10},"start":{"column":8,"line":10}},"10":{"end":{"column":39,"line":11},"start":{"column":8,"line":11}},"11":{"end":{"column":66,"line":13},"start":{"column":4,"line":13}},"12":{"end":{"column":61,"line":14},"start":{"column":4,"line":14}},"13":{"end":{"column":68,"line":15},"start":{"column":4,"line":15}},"14":{"end":{"column":73,"line":16},"start":{"column":4,"line":16}},"15":{"end":{"column":106,"line":17},"start":{"column":4,"line":17}},"16":{"end":{"column":24,"line":18},"start":{"column":4,"line":18}},"17":{"end":{"column":1,"line":27},"start":{"column":0,"line":21}},"18":{"end":{"column":20,"line":22},"start":{"column":4,"line":22}},"19":{"end":{"column":7,"line":25},"start":{"column":4,"line":23}},"20":{"end":{"column":75,"line":24},"start":{"column":8,"line":24}},"21":{"end":{"column":18,"line":26},"start":{"column":4,"line":26}},"22":{"end":{"column":1,"line":33},"start":{"column":0,"line":29}},"23":{"end":{"column":89,"line":30},"start":{"column":4,"line":30}},"24":{"end":{"column":41,"line":32},"start":{"column":4,"line":32}},"25":{"end":{"column":1,"line":81},"start":{"column":0,"line":35}},"26":{"end":{"column":5,"line":40},"start":{"column":4,"line":36}},"27":{"end":{"column":71,"line":37},"start":{"column":8,"line":37}},"28":{"end":{"column":5,"line":40},"start":{"column":11,"line":38}},"29":{"end":{"column":76,"line":39},"start":{"column":8,"line":39}},"30":{"end":{"column":5,"line":51},"start":{"column":4,"line":41}},"31":{"end":{"column":9,"line":48},"start":{"column":8,"line":42}},"32":{"end":{"column":90,"line":43},"start":{"column":12,"line":43}},"33":{"end":{"column":13,"line":47},"start":{"column":12,"line":44}},"34":{"end":{"column":102,"line":45},"start":{"column":16,"line":45}},"35":{"end":{"column":63,"line":46},"start":{"column":16,"line":46}},"36":{"end":{"column":39,"line":50},"start":{"column":8,"line":50}},"37":{"end":{"column":5,"line":69},"start":{"column":4,"line":52}},"38":{"end":{"column":68,"line":53},"start":{"column":8,"line":53}},"39":{"end":{"column":84,"line":54},"start":{"column":8,"line":54}},"40":{"end":{"column":9,"line":59},"start":{"column":8,"line":55}},"41":{"end":{"column":48,"line":56},"start":{"column":12,"line":56}},"42":{"end":{"column":65,"line":58},"start":{"column":12,"line":58}},"43":{"end":{"column":91,"line":60},"start":{"column":8,"line":60}},"44":{"end":{"column":9,"line":63},"start":{"column":8,"line":61}},"45":{"end":{"column":71,"line":62},"start":{"column":12,"line":62}},"46":{"end":{"column":9,"line":67},"start":{"column":8,"line":65}},"47":{"end":{"column":55,"line":66},"start":{"column":12,"line":66}},"48":{"end":{"column":52,"line":68},"start":{"column":8,"line":68}},"49":{"end":{"column":61,"line":71},"start":{"column":4,"line":71}},"50":{"end":{"column":5,"line":79},"start":{"column":4,"line":72}},"51":{"end":{"column":84,"line":73},"start":{"column":8,"line":73}},"52":{"end":{"column":9,"line":78},"start":{"column":8,"line":74}},"53":{"end":{"column":56,"line":75},"start":{"column":12,"line":75}},"54":{"end":{"column":83,"line":77},"start":{"column":12,"line":77}},"55":{"end":{"column":37,"line":80},"start":{"column":4,"line":80}},"56":{"end":{"column":1,"line":96},"start":{"column":0,"line":83}},"57":{"end":{"column":78,"line":84},"start":{"column":4,"line":84}},"58":{"end":{"column":41,"line":85},"start":{"column":4,"line":85}},"59":{"end":{"column":5,"line":93},"start":{"column":4,"line":87}},"60":{"end":{"column":52,"line":88},"start":{"column":8,"line":88}},"61":{"end":{"column":9,"line":92},"start":{"column":8,"line":90}},"62":{"end":{"column":66,"line":91},"start":{"column":12,"line":91}},"63":{"end":{"column":73,"line":95},"start":{"column":4,"line":95}},"64":{"end":{"column":1,"line":100},"start":{"column":0,"line":98}},"65":{"end":{"column":37,"line":99},"start":{"column":4,"line":99}},"66":{"end":{"column":1,"line":137},"start":{"column":0,"line":102}},"67":{"end":{"column":63,"line":103},"start":{"column":4,"line":103}},"68":{"end":{"column":45,"line":104},"start":{"column":4,"line":104}},"69":{"end":{"column":56,"line":105},"start":{"column":4,"line":105}},"70":{"end":{"column":38,"line":106},"start":{"column":4,"line":106}},"71":{"end":{"column":5,"line":113},"start":{"column":4,"line":108}},"72":{"end":{"column":46,"line":110},"start":{"column":8,"line":110}},"73":{"end":{"column":102,"line":112},"start":{"column":8,"line":112}},"74":{"end":{"column":6,"line":123},"start":{"column":4,"line":115}},"75":{"end":{"column":5,"line":134},"start":{"column":4,"line":125}},"76":{"end":{"column":9,"line":129},"start":{"column":8,"line":127}},"77":{"end":{"column":56,"line":128},"start":{"column":12,"line":128}},"78":{"end":{"column":9,"line":133},"start":{"column":8,"line":131}},"79":{"end":{"column":55,"line":132},"start":{"column":12,"line":132}},"80":{"end":{"column":52,"line":136},"start":{"column":4,"line":136}},"81":{"end":{"column":2,"line":186},"start":{"column":0,"line":140}},"82":{"end":{"column":48,"line":144},"start":{"column":8,"line":144}},"83":{"end":{"column":15,"line":184},"start":{"column":8,"line":146}},"84":{"end":{"column":44,"line":148},"start":{"column":16,"line":148}},"85":{"end":{"column":62,"line":149},"start":{"column":16,"line":149}},"86":{"end":{"column":46,"line":150},"start":{"column":16,"line":150}},"87":{"end":{"column":91,"line":151},"start":{"column":16,"line":151}},"88":{"end":{"column":19,"line":173},"start":{"column":16,"line":153}},"89":{"end":{"column":72,"line":154},"start":{"column":20,"line":154}},"90":{"end":{"column":70,"line":155},"start":{"column":20,"line":155}},"91":{"end":{"column":22,"line":172},"start":{"column":20,"line":157}},"92":{"end":{"column":30,"line":171},"start":{"column":24,"line":158}},"93":{"end":{"column":68,"line":159},"start":{"column":28,"line":159}},"94":{"end":{"column":86,"line":160},"start":{"column":28,"line":160}},"95":{"end":{"column":132,"line":161},"start":{"column":28,"line":161}},"96":{"end":{"column":109,"line":162},"start":{"column":28,"line":162}},"97":{"end":{"column":31,"line":170},"start":{"column":28,"line":164}},"98":{"end":{"column":61,"line":165},"start":{"column":32,"line":165}},"99":{"end":{"column":107,"line":166},"start":{"column":32,"line":166}},"100":{"end":{"column":67,"line":168},"start":{"column":32,"line":168}},"101":{"end":{"column":42,"line":169},"start":{"column":32,"line":169}},"102":{"end":{"column":19,"line":183},"start":{"column":16,"line":175}},"103":{"end":{"column":131,"line":176},"start":{"column":20,"line":176}},"104":{"end":{"column":42,"line":178},"start":{"column":20,"line":178}},"105":{"end":{"column":42,"line":180},"start":{"column":20,"line":180}},"106":{"end":{"column":40,"line":182},"start":{"column":20,"line":182}}}}}