{"/Users/alex/Documents/projects/unexpected-mxhr/lib/unexpectedMxhr.js":{"b":{"1":[4,10],"2":[14,12,6],"3":[14,3],"4":[14,14],"5":[14,14],"6":[14,14],"7":[5,10],"8":[9,1],"9":[10,9],"10":[14,1],"11":[7,7],"12":[6,1],"13":[6,6],"14":[2,13],"15":[2,2],"16":[2,0],"17":[2,2],"18":[0,2],"19":[2,0],"20":[1,1],"21":[2,1],"22":[2,13],"23":[15,15,2],"24":[2,1],"25":[1,1],"26":[3,10],"27":[13,6],"28":[3,0],"29":[14,0],"30":[1,13],"31":[15,15],"32":[1,14],"33":[15,15]},"branchMap":{"1":{"line":8,"locations":[{"end":{"column":4,"line":8},"start":{"column":4,"line":8}},{"end":{"column":4,"line":8},"start":{"column":4,"line":8}}],"type":"if"},"2":{"line":8,"locations":[{"end":{"column":46,"line":8},"start":{"column":8,"line":8}},{"end":{"column":73,"line":8},"start":{"column":50,"line":8}},{"end":{"column":120,"line":8},"start":{"column":77,"line":8}}],"type":"binary-expr"},"3":{"line":14,"locations":[{"end":{"column":53,"line":14},"start":{"column":30,"line":14}},{"end":{"column":60,"line":14},"start":{"column":57,"line":14}}],"type":"binary-expr"},"4":{"line":15,"locations":[{"end":{"column":57,"line":15},"start":{"column":32,"line":15}},{"end":{"column":67,"line":15},"start":{"column":61,"line":15}}],"type":"binary-expr"},"5":{"line":16,"locations":[{"end":{"column":63,"line":16},"start":{"column":35,"line":16}},{"end":{"column":72,"line":16},"start":{"column":67,"line":16}}],"type":"binary-expr"},"6":{"line":17,"locations":[{"end":{"column":59,"line":17},"start":{"column":33,"line":17}},{"end":{"column":105,"line":17},"start":{"column":63,"line":17}}],"type":"binary-expr"},"7":{"line":36,"locations":[{"end":{"column":4,"line":36},"start":{"column":4,"line":36}},{"end":{"column":4,"line":36},"start":{"column":4,"line":36}}],"type":"if"},"8":{"line":38,"locations":[{"end":{"column":11,"line":38},"start":{"column":11,"line":38}},{"end":{"column":11,"line":38},"start":{"column":11,"line":38}}],"type":"if"},"9":{"line":38,"locations":[{"end":{"column":40,"line":38},"start":{"column":15,"line":38}},{"end":{"column":89,"line":38},"start":{"column":44,"line":38}}],"type":"binary-expr"},"10":{"line":41,"locations":[{"end":{"column":4,"line":41},"start":{"column":4,"line":41}},{"end":{"column":4,"line":41},"start":{"column":4,"line":41}}],"type":"if"},"11":{"line":42,"locations":[{"end":{"column":8,"line":42},"start":{"column":8,"line":42}},{"end":{"column":8,"line":42},"start":{"column":8,"line":42}}],"type":"if"},"12":{"line":44,"locations":[{"end":{"column":12,"line":44},"start":{"column":12,"line":44}},{"end":{"column":12,"line":44},"start":{"column":12,"line":44}}],"type":"if"},"13":{"line":45,"locations":[{"end":{"column":83,"line":45},"start":{"column":51,"line":45}},{"end":{"column":101,"line":45},"start":{"column":87,"line":45}}],"type":"binary-expr"},"14":{"line":52,"locations":[{"end":{"column":4,"line":52},"start":{"column":4,"line":52}},{"end":{"column":4,"line":52},"start":{"column":4,"line":52}}],"type":"if"},"15":{"line":54,"locations":[{"end":{"column":77,"line":54},"start":{"column":44,"line":54}},{"end":{"column":83,"line":54},"start":{"column":81,"line":54}}],"type":"binary-expr"},"16":{"line":55,"locations":[{"end":{"column":8,"line":55},"start":{"column":8,"line":55}},{"end":{"column":8,"line":55},"start":{"column":8,"line":55}}],"type":"if"},"17":{"line":60,"locations":[{"end":{"column":71,"line":60},"start":{"column":41,"line":60}},{"end":{"column":90,"line":60},"start":{"column":75,"line":60}}],"type":"binary-expr"},"18":{"line":61,"locations":[{"end":{"column":8,"line":61},"start":{"column":8,"line":61}},{"end":{"column":8,"line":61},"start":{"column":8,"line":61}}],"type":"if"},"19":{"line":61,"locations":[{"end":{"column":23,"line":61},"start":{"column":12,"line":61}},{"end":{"column":80,"line":61},"start":{"column":27,"line":61}}],"type":"binary-expr"},"20":{"line":65,"locations":[{"end":{"column":8,"line":65},"start":{"column":8,"line":65}},{"end":{"column":8,"line":65},"start":{"column":8,"line":65}}],"type":"if"},"21":{"line":65,"locations":[{"end":{"column":40,"line":65},"start":{"column":12,"line":65}},{"end":{"column":102,"line":65},"start":{"column":44,"line":65}}],"type":"binary-expr"},"22":{"line":72,"locations":[{"end":{"column":4,"line":72},"start":{"column":4,"line":72}},{"end":{"column":4,"line":72},"start":{"column":4,"line":72}}],"type":"if"},"23":{"line":72,"locations":[{"end":{"column":42,"line":72},"start":{"column":8,"line":72}},{"end":{"column":66,"line":72},"start":{"column":47,"line":72}},{"end":{"column":109,"line":72},"start":{"column":70,"line":72}}],"type":"binary-expr"},"24":{"line":73,"locations":[{"end":{"column":77,"line":73},"start":{"column":44,"line":73}},{"end":{"column":83,"line":73},"start":{"column":81,"line":73}}],"type":"binary-expr"},"25":{"line":74,"locations":[{"end":{"column":8,"line":74},"start":{"column":8,"line":74}},{"end":{"column":8,"line":74},"start":{"column":8,"line":74}}],"type":"if"},"26":{"line":87,"locations":[{"end":{"column":4,"line":87},"start":{"column":4,"line":87}},{"end":{"column":4,"line":87},"start":{"column":4,"line":87}}],"type":"if"},"27":{"line":87,"locations":[{"end":{"column":20,"line":87},"start":{"column":8,"line":87}},{"end":{"column":56,"line":87},"start":{"column":24,"line":87}}],"type":"binary-expr"},"28":{"line":90,"locations":[{"end":{"column":8,"line":90},"start":{"column":8,"line":90}},{"end":{"column":8,"line":90},"start":{"column":8,"line":90}}],"type":"if"},"29":{"line":109,"locations":[{"end":{"column":4,"line":109},"start":{"column":4,"line":109}},{"end":{"column":4,"line":109},"start":{"column":4,"line":109}}],"type":"if"},"30":{"line":113,"locations":[{"end":{"column":4,"line":113},"start":{"column":4,"line":113}},{"end":{"column":4,"line":113},"start":{"column":4,"line":113}}],"type":"if"},"31":{"line":146,"locations":[{"end":{"column":59,"line":146},"start":{"column":41,"line":146}},{"end":{"column":90,"line":146},"start":{"column":63,"line":146}}],"type":"binary-expr"},"32":{"line":178,"locations":[{"end":{"column":24,"line":178},"start":{"column":24,"line":178}},{"end":{"column":24,"line":178},"start":{"column":24,"line":178}}],"type":"if"},"33":{"line":187,"locations":[{"end":{"column":99,"line":187},"start":{"column":81,"line":187}},{"end":{"column":129,"line":187},"start":{"column":103,"line":187}}],"type":"binary-expr"}},"f":{"1":14,"2":27,"3":8,"4":14,"5":15,"6":0,"7":1,"8":13,"9":1,"10":14,"11":1,"12":15,"13":15,"14":14,"15":14,"16":14,"17":13,"18":1,"19":15,"20":15,"21":15,"22":15,"23":15},"fnMap":{"1":{"line":7,"loc":{"end":{"column":48,"line":7},"start":{"column":0,"line":7}},"name":"createMockResponse"},"2":{"line":21,"loc":{"end":{"column":36,"line":21},"start":{"column":0,"line":21}},"name":"formatHeaderObj"},"3":{"line":23,"loc":{"end":{"column":57,"line":23},"start":{"column":35,"line":23}},"name":"(anonymous_3)"},"4":{"line":29,"loc":{"end":{"column":35,"line":29},"start":{"column":0,"line":29}},"name":"isTextualHeaders"},"5":{"line":35,"loc":{"end":{"column":69,"line":35},"start":{"column":0,"line":35}},"name":"resolveExpectedRequestProperties"},"6":{"line":55,"loc":{"end":{"column":80,"line":55},"start":{"column":65,"line":55}},"name":"(anonymous_6)"},"7":{"line":74,"loc":{"end":{"column":80,"line":74},"start":{"column":65,"line":74}},"name":"(anonymous_7)"},"8":{"line":83,"loc":{"end":{"column":44,"line":83},"start":{"column":0,"line":83}},"name":"sendXhrResponse"},"9":{"line":98,"loc":{"end":{"column":47,"line":98},"start":{"column":0,"line":98}},"name":"stripHeaderCharsetSuffix"},"10":{"line":102,"loc":{"end":{"column":31,"line":102},"start":{"column":0,"line":102}},"name":"xhrToMockRequest"},"11":{"line":138,"loc":{"end":{"column":35,"line":138},"start":{"column":17,"line":138}},"name":"(anonymous_11)"},"12":{"line":142,"loc":{"end":{"column":123,"line":142},"start":{"column":76,"line":142}},"name":"(anonymous_12)"},"13":{"line":148,"loc":{"end":{"column":79,"line":148},"start":{"column":52,"line":148}},"name":"(anonymous_13)"},"14":{"line":154,"loc":{"end":{"column":56,"line":154},"start":{"column":41,"line":154}},"name":"(anonymous_14)"},"15":{"line":155,"loc":{"end":{"column":47,"line":155},"start":{"column":35,"line":155}},"name":"(anonymous_15)"},"16":{"line":161,"loc":{"end":{"column":55,"line":161},"start":{"column":43,"line":161}},"name":"(anonymous_16)"},"17":{"line":164,"loc":{"end":{"column":48,"line":164},"start":{"column":36,"line":164}},"name":"(anonymous_17)"},"18":{"line":166,"loc":{"end":{"column":51,"line":166},"start":{"column":38,"line":166}},"name":"(anonymous_18)"},"19":{"line":175,"loc":{"end":{"column":47,"line":175},"start":{"column":35,"line":175}},"name":"(anonymous_19)"},"20":{"line":177,"loc":{"end":{"column":70,"line":177},"start":{"column":43,"line":177}},"name":"(anonymous_20)"},"21":{"line":186,"loc":{"end":{"column":50,"line":186},"start":{"column":38,"line":186}},"name":"(anonymous_21)"},"22":{"line":188,"loc":{"end":{"column":36,"line":188},"start":{"column":24,"line":188}},"name":"(anonymous_22)"},"23":{"line":190,"loc":{"end":{"column":39,"line":190},"start":{"column":27,"line":190}},"name":"(anonymous_23)"}},"path":"/Users/alex/Documents/projects/unexpected-mxhr/lib/unexpectedMxhr.js","s":{"1":1,"2":1,"3":1,"4":1,"5":1,"6":1,"7":14,"8":4,"9":4,"10":4,"11":14,"12":14,"13":14,"14":14,"15":14,"16":14,"17":1,"18":27,"19":27,"20":8,"21":27,"22":1,"23":14,"24":14,"25":1,"26":15,"27":5,"28":10,"29":9,"30":15,"31":14,"32":7,"33":7,"34":6,"35":6,"36":1,"37":15,"38":2,"39":2,"40":2,"41":0,"42":2,"43":2,"44":2,"45":0,"46":2,"47":1,"48":2,"49":15,"50":15,"51":2,"52":2,"53":1,"54":1,"55":15,"56":1,"57":13,"58":13,"59":13,"60":3,"61":3,"62":3,"63":13,"64":1,"65":1,"66":1,"67":14,"68":14,"69":14,"70":14,"71":14,"72":14,"73":14,"74":1,"75":1,"76":14,"77":14,"78":1,"79":1,"80":1,"81":15,"82":15,"83":15,"84":15,"85":15,"86":15,"87":15,"88":15,"89":15,"90":14,"91":14,"92":14,"93":14,"94":14,"95":14,"96":14,"97":14,"98":13,"99":1,"100":1,"101":15,"102":15,"103":15,"104":1,"105":14,"106":15,"107":15,"108":15,"109":15},"statementMap":{"1":{"end":{"column":30,"line":1},"start":{"column":0,"line":1}},"2":{"end":{"column":27,"line":2},"start":{"column":0,"line":2}},"3":{"end":{"column":29,"line":3},"start":{"column":0,"line":3}},"4":{"end":{"column":29,"line":4},"start":{"column":0,"line":4}},"5":{"end":{"column":31,"line":5},"start":{"column":0,"line":5}},"6":{"end":{"column":1,"line":19},"start":{"column":0,"line":7}},"7":{"end":{"column":5,"line":12},"start":{"column":4,"line":8}},"8":{"end":{"column":62,"line":9},"start":{"column":8,"line":9}},"9":{"end":{"column":67,"line":10},"start":{"column":8,"line":10}},"10":{"end":{"column":39,"line":11},"start":{"column":8,"line":11}},"11":{"end":{"column":66,"line":13},"start":{"column":4,"line":13}},"12":{"end":{"column":61,"line":14},"start":{"column":4,"line":14}},"13":{"end":{"column":68,"line":15},"start":{"column":4,"line":15}},"14":{"end":{"column":73,"line":16},"start":{"column":4,"line":16}},"15":{"end":{"column":106,"line":17},"start":{"column":4,"line":17}},"16":{"end":{"column":24,"line":18},"start":{"column":4,"line":18}},"17":{"end":{"column":1,"line":27},"start":{"column":0,"line":21}},"18":{"end":{"column":20,"line":22},"start":{"column":4,"line":22}},"19":{"end":{"column":7,"line":25},"start":{"column":4,"line":23}},"20":{"end":{"column":75,"line":24},"start":{"column":8,"line":24}},"21":{"end":{"column":18,"line":26},"start":{"column":4,"line":26}},"22":{"end":{"column":1,"line":33},"start":{"column":0,"line":29}},"23":{"end":{"column":89,"line":30},"start":{"column":4,"line":30}},"24":{"end":{"column":41,"line":32},"start":{"column":4,"line":32}},"25":{"end":{"column":1,"line":81},"start":{"column":0,"line":35}},"26":{"end":{"column":5,"line":40},"start":{"column":4,"line":36}},"27":{"end":{"column":71,"line":37},"start":{"column":8,"line":37}},"28":{"end":{"column":5,"line":40},"start":{"column":11,"line":38}},"29":{"end":{"column":76,"line":39},"start":{"column":8,"line":39}},"30":{"end":{"column":5,"line":51},"start":{"column":4,"line":41}},"31":{"end":{"column":9,"line":48},"start":{"column":8,"line":42}},"32":{"end":{"column":90,"line":43},"start":{"column":12,"line":43}},"33":{"end":{"column":13,"line":47},"start":{"column":12,"line":44}},"34":{"end":{"column":102,"line":45},"start":{"column":16,"line":45}},"35":{"end":{"column":63,"line":46},"start":{"column":16,"line":46}},"36":{"end":{"column":39,"line":50},"start":{"column":8,"line":50}},"37":{"end":{"column":5,"line":69},"start":{"column":4,"line":52}},"38":{"end":{"column":68,"line":53},"start":{"column":8,"line":53}},"39":{"end":{"column":84,"line":54},"start":{"column":8,"line":54}},"40":{"end":{"column":9,"line":59},"start":{"column":8,"line":55}},"41":{"end":{"column":48,"line":56},"start":{"column":12,"line":56}},"42":{"end":{"column":65,"line":58},"start":{"column":12,"line":58}},"43":{"end":{"column":91,"line":60},"start":{"column":8,"line":60}},"44":{"end":{"column":9,"line":63},"start":{"column":8,"line":61}},"45":{"end":{"column":71,"line":62},"start":{"column":12,"line":62}},"46":{"end":{"column":9,"line":67},"start":{"column":8,"line":65}},"47":{"end":{"column":55,"line":66},"start":{"column":12,"line":66}},"48":{"end":{"column":52,"line":68},"start":{"column":8,"line":68}},"49":{"end":{"column":61,"line":71},"start":{"column":4,"line":71}},"50":{"end":{"column":5,"line":79},"start":{"column":4,"line":72}},"51":{"end":{"column":84,"line":73},"start":{"column":8,"line":73}},"52":{"end":{"column":9,"line":78},"start":{"column":8,"line":74}},"53":{"end":{"column":56,"line":75},"start":{"column":12,"line":75}},"54":{"end":{"column":83,"line":77},"start":{"column":12,"line":77}},"55":{"end":{"column":37,"line":80},"start":{"column":4,"line":80}},"56":{"end":{"column":1,"line":96},"start":{"column":0,"line":83}},"57":{"end":{"column":78,"line":84},"start":{"column":4,"line":84}},"58":{"end":{"column":41,"line":85},"start":{"column":4,"line":85}},"59":{"end":{"column":5,"line":93},"start":{"column":4,"line":87}},"60":{"end":{"column":52,"line":88},"start":{"column":8,"line":88}},"61":{"end":{"column":9,"line":92},"start":{"column":8,"line":90}},"62":{"end":{"column":66,"line":91},"start":{"column":12,"line":91}},"63":{"end":{"column":73,"line":95},"start":{"column":4,"line":95}},"64":{"end":{"column":1,"line":100},"start":{"column":0,"line":98}},"65":{"end":{"column":37,"line":99},"start":{"column":4,"line":99}},"66":{"end":{"column":1,"line":132},"start":{"column":0,"line":102}},"67":{"end":{"column":63,"line":103},"start":{"column":4,"line":103}},"68":{"end":{"column":45,"line":104},"start":{"column":4,"line":104}},"69":{"end":{"column":56,"line":105},"start":{"column":4,"line":105}},"70":{"end":{"column":38,"line":106},"start":{"column":4,"line":106}},"71":{"end":{"column":5,"line":111},"start":{"column":4,"line":109}},"72":{"end":{"column":51,"line":110},"start":{"column":8,"line":110}},"73":{"end":{"column":5,"line":118},"start":{"column":4,"line":113}},"74":{"end":{"column":46,"line":115},"start":{"column":8,"line":115}},"75":{"end":{"column":102,"line":117},"start":{"column":8,"line":117}},"76":{"end":{"column":6,"line":129},"start":{"column":4,"line":120}},"77":{"end":{"column":52,"line":131},"start":{"column":4,"line":131}},"78":{"end":{"column":2,"line":195},"start":{"column":0,"line":135}},"79":{"end":{"column":48,"line":139},"start":{"column":8,"line":139}},"80":{"end":{"column":15,"line":193},"start":{"column":8,"line":141}},"81":{"end":{"column":44,"line":143},"start":{"column":16,"line":143}},"82":{"end":{"column":62,"line":144},"start":{"column":16,"line":144}},"83":{"end":{"column":46,"line":145},"start":{"column":16,"line":145}},"84":{"end":{"column":91,"line":146},"start":{"column":16,"line":146}},"85":{"end":{"column":19,"line":184},"start":{"column":16,"line":148}},"86":{"end":{"column":72,"line":149},"start":{"column":20,"line":149}},"87":{"end":{"column":70,"line":150},"start":{"column":20,"line":150}},"88":{"end":{"column":43,"line":152},"start":{"column":20,"line":152}},"89":{"end":{"column":22,"line":173},"start":{"column":20,"line":154}},"90":{"end":{"column":30,"line":172},"start":{"column":24,"line":155}},"91":{"end":{"column":68,"line":156},"start":{"column":28,"line":156}},"92":{"end":{"column":86,"line":157},"start":{"column":28,"line":157}},"93":{"end":{"column":132,"line":158},"start":{"column":28,"line":158}},"94":{"end":{"column":109,"line":159},"start":{"column":28,"line":159}},"95":{"end":{"column":31,"line":171},"start":{"column":28,"line":161}},"96":{"end":{"column":61,"line":162},"start":{"column":32,"line":162}},"97":{"end":{"column":107,"line":163},"start":{"column":32,"line":163}},"98":{"end":{"column":67,"line":165},"start":{"column":32,"line":165}},"99":{"end":{"column":48,"line":167},"start":{"column":32,"line":167}},"100":{"end":{"column":49,"line":170},"start":{"column":32,"line":170}},"101":{"end":{"column":23,"line":183},"start":{"column":20,"line":175}},"102":{"end":{"column":46,"line":176},"start":{"column":24,"line":176}},"103":{"end":{"column":25,"line":180},"start":{"column":24,"line":178}},"104":{"end":{"column":55,"line":179},"start":{"column":28,"line":179}},"105":{"end":{"column":49,"line":182},"start":{"column":24,"line":182}},"106":{"end":{"column":19,"line":192},"start":{"column":16,"line":186}},"107":{"end":{"column":131,"line":187},"start":{"column":20,"line":187}},"108":{"end":{"column":42,"line":189},"start":{"column":20,"line":189}},"109":{"end":{"column":40,"line":191},"start":{"column":20,"line":191}}}}}