TN:
SF:/Users/alex/Documents/projects/unexpected-mxhr/lib/unexpectedMxhr.js
FN:7,createMockResponse
FN:21,formatHeaderObj
FN:23,(anonymous_3)
FN:29,isTextualHeaders
FN:35,resolveExpectedRequestProperties
FN:55,(anonymous_6)
FN:74,(anonymous_7)
FN:83,sendXhrResponse
FN:98,stripHeaderCharsetSuffix
FN:102,xhrToMockRequest
FN:143,(anonymous_11)
FN:147,(anonymous_12)
FN:153,(anonymous_13)
FN:157,(anonymous_14)
FN:158,(anonymous_15)
FN:164,(anonymous_16)
FN:167,(anonymous_17)
FN:175,(anonymous_18)
FN:177,(anonymous_19)
FN:179,(anonymous_20)
FN:181,(anonymous_21)
FNF:21
FNH:20
FNDA:12,createMockResponse
FNDA:24,formatHeaderObj
FNDA:8,(anonymous_3)
FNDA:12,isTextualHeaders
FNDA:12,resolveExpectedRequestProperties
FNDA:0,(anonymous_6)
FNDA:1,(anonymous_7)
FNDA:12,sendXhrResponse
FNDA:1,stripHeaderCharsetSuffix
FNDA:12,xhrToMockRequest
FNDA:1,(anonymous_11)
FNDA:12,(anonymous_12)
FNDA:12,(anonymous_13)
FNDA:12,(anonymous_14)
FNDA:12,(anonymous_15)
FNDA:12,(anonymous_16)
FNDA:12,(anonymous_17)
FNDA:12,(anonymous_18)
FNDA:12,(anonymous_19)
FNDA:11,(anonymous_20)
FNDA:12,(anonymous_21)
DA:1,1
DA:2,1
DA:3,1
DA:4,1
DA:5,1
DA:7,1
DA:8,12
DA:9,4
DA:10,4
DA:11,4
DA:13,12
DA:14,12
DA:15,12
DA:16,12
DA:17,12
DA:18,12
DA:21,1
DA:22,24
DA:23,24
DA:24,8
DA:26,24
DA:29,1
DA:30,12
DA:32,12
DA:35,1
DA:36,12
DA:37,4
DA:38,8
DA:39,7
DA:41,12
DA:42,11
DA:43,6
DA:44,6
DA:45,5
DA:46,5
DA:50,1
DA:52,12
DA:53,1
DA:54,1
DA:55,1
DA:56,0
DA:58,1
DA:60,1
DA:61,1
DA:62,0
DA:65,1
DA:66,1
DA:68,1
DA:71,12
DA:72,12
DA:73,2
DA:74,2
DA:75,1
DA:77,1
DA:80,12
DA:83,1
DA:84,12
DA:85,12
DA:87,12
DA:88,3
DA:90,3
DA:91,3
DA:95,12
DA:98,1
DA:99,1
DA:102,1
DA:103,12
DA:104,12
DA:105,12
DA:106,12
DA:108,12
DA:110,1
DA:112,1
DA:115,12
DA:125,12
DA:127,2
DA:128,2
DA:131,2
DA:132,2
DA:136,12
DA:140,1
DA:144,1
DA:146,1
DA:148,12
DA:149,12
DA:150,12
DA:151,12
DA:153,12
DA:154,12
DA:155,12
DA:157,12
DA:158,12
DA:159,12
DA:160,12
DA:161,12
DA:162,12
DA:164,12
DA:165,12
DA:166,12
DA:168,12
DA:169,12
DA:175,12
DA:176,12
DA:178,12
DA:180,11
DA:182,12
LF:106
LH:104
BRDA:8,1,0,4
BRDA:8,1,1,8
BRDA:8,2,0,12
BRDA:8,2,1,12
BRDA:8,2,2,6
BRDA:14,3,0,12
BRDA:14,3,1,3
BRDA:15,4,0,12
BRDA:15,4,1,12
BRDA:16,5,0,12
BRDA:16,5,1,12
BRDA:17,6,0,12
BRDA:17,6,1,12
BRDA:36,7,0,4
BRDA:36,7,1,8
BRDA:38,8,0,7
BRDA:38,8,1,1
BRDA:38,9,0,8
BRDA:38,9,1,7
BRDA:41,10,0,11
BRDA:41,10,1,1
BRDA:42,11,0,6
BRDA:42,11,1,5
BRDA:44,12,0,5
BRDA:44,12,1,1
BRDA:45,13,0,5
BRDA:45,13,1,5
BRDA:52,14,0,1
BRDA:52,14,1,11
BRDA:54,15,0,1
BRDA:54,15,1,1
BRDA:55,16,0,1
BRDA:55,16,1,0
BRDA:60,17,0,1
BRDA:60,17,1,1
BRDA:61,18,0,0
BRDA:61,18,1,1
BRDA:61,19,0,1
BRDA:61,19,1,0
BRDA:65,20,0,1
BRDA:65,20,1,0
BRDA:65,21,0,1
BRDA:65,21,1,1
BRDA:72,22,0,2
BRDA:72,22,1,10
BRDA:72,23,0,12
BRDA:72,23,1,12
BRDA:72,23,2,2
BRDA:73,24,0,2
BRDA:73,24,1,1
BRDA:74,25,0,1
BRDA:74,25,1,1
BRDA:87,26,0,3
BRDA:87,26,1,9
BRDA:87,27,0,12
BRDA:87,27,1,6
BRDA:90,28,0,3
BRDA:90,28,1,0
BRDA:108,29,0,1
BRDA:108,29,1,11
BRDA:125,30,0,2
BRDA:125,30,1,10
BRDA:127,31,0,2
BRDA:127,31,1,0
BRDA:131,32,0,2
BRDA:131,32,1,0
BRDA:151,33,0,12
BRDA:151,33,1,12
BRDA:176,34,0,12
BRDA:176,34,1,12
BRF:70
BRH:63
end_of_record
